frank_valencia_4_2021_pi/build/app/outputs/mapping/release/mapping.txt
# compiler: R8
# compiler_version: 2.1.62
# min_api: 16
# pg_map_id: c13bb3d
# common_typos_disable
...
io.flutter.embedding.engine.plugins.activity.ActivityControlSurface -> io.flutter.embedding.engine.h.c.b:
    void onRestoreInstanceState(android.os.Bundle) -> a
    boolean onRequestPermissionsResult(int,java.lang.String[],int[]) -> b
    boolean onActivityResult(int,int,android.content.Intent) -> c
    void onNewIntent(android.content.Intent) -> d
    void onSaveInstanceState(android.os.Bundle) -> e
    void onUserLeaveHint() -> f
    void attachToActivity(io.flutter.embedding.android.ExclusiveAppComponent,androidx.lifecycle.Lifecycle) -> g
    void detachFromActivity() -> h
    void detachFromActivityForConfigChanges() -> j
io.flutter.embedding.engine.plugins.activity.ActivityPluginBinding -> io.flutter.embedding.engine.h.c.c:
io.flutter.embedding.engine.plugins.activity.ActivityPluginBinding$OnSaveInstanceStateListener -> io.flutter.embedding.engine.h.c.c$a:
    void onRestoreInstanceState(android.os.Bundle) -> a
    void onSaveInstanceState(android.os.Bundle) -> e
io.flutter.embedding.engine.plugins.broadcastreceiver.BroadcastReceiverAware -> io.flutter.embedding.engine.h.d.a:
    void onAttachedToBroadcastReceiver(io.flutter.embedding.engine.plugins.broadcastreceiver.BroadcastReceiverPluginBinding) -> a
    void onDetachedFromBroadcastReceiver() -> b
io.flutter.embedding.engine.plugins.broadcastreceiver.BroadcastReceiverPluginBinding -> io.flutter.embedding.engine.h.d.b:
io.flutter.embedding.engine.plugins.contentprovider.ContentProviderAware -> io.flutter.embedding.engine.h.e.a:
    void onAttachedToContentProvider(io.flutter.embedding.engine.plugins.contentprovider.ContentProviderPluginBinding) -> a
    void onDetachedFromContentProvider() -> b
io.flutter.embedding.engine.plugins.contentprovider.ContentProviderPluginBinding -> io.flutter.embedding.engine.h.e.b:
io.flutter.embedding.engine.plugins.service.ServiceAware -> io.flutter.embedding.engine.h.f.a:
    void onAttachedToService(io.flutter.embedding.engine.plugins.service.ServicePluginBinding) -> a
    void onDetachedFromService() -> b
io.flutter.embedding.engine.plugins.service.ServicePluginBinding -> io.flutter.embedding.engine.h.f.b:
io.flutter.embedding.engine.plugins.util.GeneratedPluginRegister -> io.flutter.embedding.engine.h.g.a:
    void registerGeneratedPlugins(io.flutter.embedding.engine.FlutterEngine) -> a
io.flutter.embedding.engine.renderer.FlutterRenderer -> io.flutter.embedding.engine.renderer.a:
    io.flutter.embedding.engine.FlutterJNI flutterJNI -> a
    java.util.concurrent.atomic.AtomicLong nextTextureId -> b
    android.view.Surface surface -> c
    io.flutter.embedding.engine.renderer.FlutterUiDisplayListener flutterUiDisplayListener -> e
    boolean isDisplayingFlutterUi -> d
    io.flutter.view.TextureRegistry$SurfaceTextureEntry createSurfaceTexture() -> a
    boolean access$002(io.flutter.embedding.engine.renderer.FlutterRenderer,boolean) -> b
    io.flutter.embedding.engine.FlutterJNI access$200(io.flutter.embedding.engine.renderer.FlutterRenderer) -> c
    void access$400(io.flutter.embedding.engine.renderer.FlutterRenderer,long) -> d
    void access$500(io.flutter.embedding.engine.renderer.FlutterRenderer,long) -> e
    void addIsDisplayingFlutterUiListener(io.flutter.embedding.engine.renderer.FlutterUiDisplayListener) -> f
    void dispatchPointerDataPacket(java.nio.ByteBuffer,int) -> g
    boolean isDisplayingFlutterUi() -> h
    boolean isSoftwareRenderingEnabled() -> i
    void markTextureFrameAvailable(long) -> j
    void registerTexture(long,io.flutter.embedding.engine.renderer.SurfaceTextureWrapper) -> k
    void removeIsDisplayingFlutterUiListener(io.flutter.embedding.engine.renderer.FlutterUiDisplayListener) -> l
    void setSemanticsEnabled(boolean) -> m
io.flutter.embedding.engine.renderer.FlutterRenderer$1 -> io.flutter.embedding.engine.renderer.a$a:
    io.flutter.embedding.engine.renderer.FlutterRenderer this$0 -> a
    void onFlutterUiDisplayed() -> c
    void onFlutterUiNoLongerDisplayed() -> e