frank_valencia_4_2021_pi/build/app/outputs/mapping/release/usage.txt
com.example.frank_valencia_4_2021_pi.R$drawable
com.example.frank_valencia_4_2021_pi.R$styleable
com.example.frank_valencia_4_2021_pi.BuildConfig
com.example.frank_valencia_4_2021_pi.R$string
com.example.frank_valencia_4_2021_pi.R$layout
com.example.frank_valencia_4_2021_pi.R
com.example.frank_valencia_4_2021_pi.R$id
com.example.frank_valencia_4_2021_pi.R$style
com.example.frank_valencia_4_2021_pi.R$integer
com.example.frank_valencia_4_2021_pi.R$mipmap
com.example.frank_valencia_4_2021_pi.R$attr
com.example.frank_valencia_4_2021_pi.R$color
com.example.frank_valencia_4_2021_pi.R$dimen
...
kotlin.ranges.LongProgression
io.flutter.embedding.engine.loader.FlutterLoader$2
androidx.core.net.TrafficStatsCompat
io.flutter.embedding.android.AndroidTouchProcessor$PointerSignalKind
androidx.viewpager.widget.ViewPager$1
io.flutter.plugin.common.ErrorLogResult
kotlin.ranges.LongRange$Companion
androidx.core.view.ViewCompat$AccessibilityViewProperty
androidx.core.app.ActivityOptionsCompat
io.flutter.embedding.engine.deferredcomponents.DeferredComponentManager:
    public abstract void loadAssets(int,java.lang.String)
    public abstract void loadDartLibrary(int,java.lang.String)
kotlin.ranges.IntProgression$Companion
kotlin.text.StringsKt
kotlin.text.StringsKt___StringsKt$withIndex$1
androidx.customview.widget.FocusStrategy$BoundsAdapter
androidx.activity.ImmLeaksCleaner:
    void <init>(android.app.Activity)
    private static final int NOT_INITIALIAZED
    private static final int INIT_SUCCESS
    private static final int INIT_FAILED
kotlin.annotation.MustBeDocumented
androidx.core.app.NotificationCompat$Action$Extender
kotlin.sequences.FilteringSequence$iterator$1
kotlin.reflect.KFunction$DefaultImpls
kotlin.io.FilePathComponents
kotlin.ranges.ULongRange
io.flutter.embedding.engine.plugins.util.GeneratedPluginRegister:
    public void <init>()
    private static final java.lang.String TAG
androidx.fragment.app.FragmentManagerImpl$3
io.flutter.plugin.common.BinaryCodec
kotlin.reflect.KTypeParameter
androidx.core.text.PrecomputedTextCompat
kotlin.jvm.functions.Function5
kotlin.text.Regex$findAll$1
kotlin.text.StringsKt__StringsKt
kotlin.contracts.Returns
io.flutter.Log:
    public void <init>()
    public static void setLogLevel(int)
    public static void println(int,java.lang.String,java.lang.String)
    public static void v(java.lang.String,java.lang.String,java.lang.Throwable)
    public static void i(java.lang.String,java.lang.String)
    public static void i(java.lang.String,java.lang.String,java.lang.Throwable)
    public static void d(java.lang.String,java.lang.String,java.lang.Throwable)
    public static void wtf(java.lang.String,java.lang.String)
    public static void wtf(java.lang.String,java.lang.String,java.lang.Throwable)
kotlin.coroutines.experimental.SequenceBuilderKt
kotlin.jvm.JvmDefault
androidx.annotation.ColorLong
androidx.core.app.NotificationCompat$StreamType
kotlin.KotlinVersion
kotlin.Result
androidx.core.view.LayoutInflaterCompat
androidx.core.view.MotionEventCompat
androidx.core.app.JobIntentService$CompatJobEngine
androidx.core.view.NestedScrollingChildHelper
io.flutter.view.FlutterNativeView
androidx.core.view.DragAndDropPermissionsCompat
androidx.core.view.AccessibilityDelegateCompat
androidx.core.os.MessageCompat
io.flutter.plugin.common.PluginRegistry
kotlin.text.StringsKt___StringsKt
androidx.customview.R$dimen
androidx.core.provider.FontsContractCompat$4$5
androidx.core.content.ContextCompat$LegacyServiceMapHolder
io.flutter.plugin.editing.ListenableEditingState$1:
    final synthetic io.flutter.plugin.editing.ListenableEditingState this$0
androidx.savedstate.Recreator:
    private void reflectiveNew(java.lang.String)
androidx.lifecycle.Lifecycle:
    java.util.concurrent.atomic.AtomicReference mInternalScopeRef
io.flutter.embedding.android.AndroidKeyProcessor:
    private final io.flutter.plugin.editing.TextInputPlugin textInputPlugin
io.flutter.embedding.engine.plugins.FlutterPlugin$FlutterPluginBinding:
    private final io.flutter.embedding.engine.FlutterEngine flutterEngine
    private final io.flutter.view.TextureRegistry textureRegistry
    private final io.flutter.plugin.platform.PlatformViewRegistry platformViewRegistry
    private final io.flutter.embedding.engine.plugins.FlutterPlugin$FlutterAssets flutterAssets
androidx.savedstate.SavedStateRegistry$AutoRecreated